<?xml version="1.0" encoding="UTF-8"?>
<!-- Generated by org.testng.reporters.JUnitReportReporter -->
<testsuite skipped="0" hostname="DESKTOP-P6TE74L" name="homework.ch11_13.StudentTest" tests="15" failures="0" timestamp="20 三月 2020 14:32:49 GMT" time="0.003" errors="0">
  <testcase name="testSetDepartment" time="0.000" classname="homework.ch11_13.StudentTest"/>
  <testcase name="testTestClone" time="0.000" classname="homework.ch11_13.StudentTest"/>
  <testcase name="testTestEquals" time="0.000" classname="homework.ch11_13.StudentTest"/>
  <testcase name="testTestEquals" time="0.000" classname="homework.ch11_13.StudentTest"/>
  <testcase name="testSetClassNo" time="0.000" classname="homework.ch11_13.StudentTest"/>
  <testcase name="testGetStudentId" time="0.000" classname="homework.ch11_13.StudentTest"/>
  <testcase name="testTestEquals" time="0.000" classname="homework.ch11_13.StudentTest"/>
  <testcase name="testSetStudentId" time="0.001" classname="homework.ch11_13.StudentTest"/>
  <testcase name="testTestEquals" time="0.000" classname="homework.ch11_13.StudentTest"/>
  <testcase name="testTestEquals" time="0.000" classname="homework.ch11_13.StudentTest"/>
  <testcase name="testGetClassNo" time="0.000" classname="homework.ch11_13.StudentTest"/>
  <testcase name="testTestEquals" time="0.000" classname="homework.ch11_13.StudentTest"/>
  <testcase name="testGetDepartment" time="0.000" classname="homework.ch11_13.StudentTest"/>
  <testcase name="testTestToString" time="0.001" classname="homework.ch11_13.StudentTest"/>
  <testcase name="testTestEquals" time="0.001" classname="homework.ch11_13.StudentTest"/>
</testsuite> <!-- homework.ch11_13.StudentTest -->
