<?xml version="1.0" encoding="UTF-8"?>
<!-- Generated by org.testng.reporters.JUnitReportReporter -->
<testsuite skipped="0" hostname="DESKTOP-P6TE74L" name="homework.ch11_13.PersonTest" tests="7" failures="0" timestamp="20 三月 2020 14:32:49 GMT" time="0.005" errors="0">
  <testcase name="testGetName" time="0.005" classname="homework.ch11_13.PersonTest"/>
  <testcase name="testTestClone" time="0.000" classname="homework.ch11_13.PersonTest"/>
  <testcase name="testTestEquals" time="0.000" classname="homework.ch11_13.PersonTest"/>
  <testcase name="testSetName" time="0.000" classname="homework.ch11_13.PersonTest"/>
  <testcase name="testSetAge" time="0.000" classname="homework.ch11_13.PersonTest"/>
  <testcase name="testTestToString" time="0.000" classname="homework.ch11_13.PersonTest"/>
  <testcase name="testGetAge" time="0.000" classname="homework.ch11_13.PersonTest"/>
</testsuite> <!-- homework.ch11_13.PersonTest -->
