<?xml version="1.0" encoding="UTF-8"?>
<!-- Generated by org.testng.reporters.JUnitReportReporter -->
<testsuite skipped="0" hostname="DESKTOP-P6TE74L" name="homework.ch11_13.FacultyTest" tests="15" failures="0" timestamp="20 三月 2020 14:32:49 GMT" time="0.002" errors="0">
  <testcase name="testSetEmail" time="0.000" classname="homework.ch11_13.FacultyTest"/>
  <testcase name="testTestEquals" time="0.000" classname="homework.ch11_13.FacultyTest"/>
  <testcase name="testSetFacultyId" time="0.000" classname="homework.ch11_13.FacultyTest"/>
  <testcase name="testTestClone" time="0.000" classname="homework.ch11_13.FacultyTest"/>
  <testcase name="testGetFacultyId" time="0.001" classname="homework.ch11_13.FacultyTest"/>
  <testcase name="testTestEquals" time="0.000" classname="homework.ch11_13.FacultyTest"/>
  <testcase name="testSetTitle" time="0.001" classname="homework.ch11_13.FacultyTest"/>
  <testcase name="testTestEquals" time="0.000" classname="homework.ch11_13.FacultyTest"/>
  <testcase name="testGetEmail" time="0.000" classname="homework.ch11_13.FacultyTest"/>
  <testcase name="testTestToString" time="0.000" classname="homework.ch11_13.FacultyTest"/>
  <testcase name="testTestEquals" time="0.000" classname="homework.ch11_13.FacultyTest"/>
  <testcase name="testTestEquals" time="0.000" classname="homework.ch11_13.FacultyTest"/>
  <testcase name="testTestEquals" time="0.000" classname="homework.ch11_13.FacultyTest"/>
  <testcase name="testTestEquals" time="0.000" classname="homework.ch11_13.FacultyTest"/>
  <testcase name="testGetTitle" time="0.000" classname="homework.ch11_13.FacultyTest"/>
</testsuite> <!-- homework.ch11_13.FacultyTest -->
