<?xml version="1.0" encoding="UTF-8"?>
<!-- Generated by org.testng.reporters.JUnitReportReporter -->
<testsuite skipped="0" hostname="DESKTOP-P6TE74L" name="homework.ch11_13.CourseTest" tests="14" failures="0" timestamp="20 三月 2020 14:32:49 GMT" time="0.001" errors="0">
  <testcase name="testTestEquals" time="0.000" classname="homework.ch11_13.CourseTest"/>
  <testcase name="testGetTeacher" time="0.001" classname="homework.ch11_13.CourseTest"/>
  <testcase name="testGetStudents" time="0.000" classname="homework.ch11_13.CourseTest"/>
  <testcase name="testGetCourseName" time="0.000" classname="homework.ch11_13.CourseTest"/>
  <testcase name="testTestToString" time="0.000" classname="homework.ch11_13.CourseTest"/>
  <testcase name="testRegister" time="0.000" classname="homework.ch11_13.CourseTest"/>
  <testcase name="testGetNumberOfStudent" time="0.000" classname="homework.ch11_13.CourseTest"/>
  <testcase name="testTestEquals" time="0.000" classname="homework.ch11_13.CourseTest"/>
  <testcase name="testTestEquals" time="0.000" classname="homework.ch11_13.CourseTest"/>
  <testcase name="testTestEquals" time="0.000" classname="homework.ch11_13.CourseTest"/>
  <testcase name="testUnregister" time="0.000" classname="homework.ch11_13.CourseTest"/>
  <testcase name="testTestEquals" time="0.000" classname="homework.ch11_13.CourseTest"/>
  <testcase name="testTestEquals" time="0.000" classname="homework.ch11_13.CourseTest"/>
  <testcase name="testTestClone" time="0.000" classname="homework.ch11_13.CourseTest"/>
</testsuite> <!-- homework.ch11_13.CourseTest -->
